Starting migrations...
======================
> Network name:    'mainnet'
> Network id:      1
> Block gas limit: 12500000 (0xbebc20)


1_initial_migration.js
======================
   -------------------------------------
   > Total cost:                   0 ETH


2_remove_require.js
===================
Deployer account: 0x11799622F4D98A24514011E8527B969f7488eF47
Deployer balance: 7.426836306432143 ETH

   Replacing 'OffchainOracle'
   --------------------------
   > transaction hash:    0xafa79b97f2127e53983186d290fe8073f2a064f5bfb5719f2fc9fbe2799c5d3e
   > Blocks: 4            Seconds: 52
   > contract address:    0x6D68d90de84066E1F663b2E93726c10Da1b831F1
   > block number:        11788805
   > block timestamp:     1612429093
   > account:             0x11799622F4D98A24514011E8527B969f7488eF47
   > balance:             7.105335866432142908
   > gas used:            1397828 (0x155444)
   > gas price:           230 gwei
   > value sent:          0 ETH
   > total cost:          0.32150044 ETH

   > Saving artifacts
   -------------------------------------
   > Total cost:          0.32150044 ETH


Summary
=======
> Total deployments:   1
> Final cost:          0.32150044 ETH
