Starting migrations...
======================
> Network name:    'mainnet'
> Network id:      1
> Block gas limit: 12506072 (0xbed3d8)


1_initial_migration.js
======================
   -------------------------------------
   > Total cost:                   0 ETH


2_remove_require.js
===================
   -------------------------------------
   > Total cost:                   0 ETH


3_compound.js
=============
Deployer account: 0x11799622F4D98A24514011E8527B969f7488eF47
Deployer balance: 6.885739916432144 ETH

   Deploying 'CompoundWrapper'
   ---------------------------
   > transaction hash:    0x700a733f7c97abafc64a2da60ec2fc11cbcbe83e9a6ec2ade2bd5816df910bee
   > Blocks: 1            Seconds: 8
   > contract address:    0xE5c375Ae041F39Ce9301aFF84FA6a83EC0b124b7
   > block number:        11790486
   > block timestamp:     1612451134
   > account:             0x11799622F4D98A24514011E8527B969f7488eF47
   > balance:             6.700527096432142908
   > gas used:            712357 (0xadea5)
   > gas price:           260 gwei
   > value sent:          0 ETH
   > total cost:          0.18521282 ETH

   > Saving artifacts
   -------------------------------------
   > Total cost:          0.18521282 ETH


Summary
=======
> Total deployments:   1
> Final cost:          0.18521282 ETH
