Starting migrations...
======================
> Network name:    'mainnet'
> Network id:      1
> Block gas limit: 12512115 (0xbeeb73)


1_initial_migration.js
======================
   -------------------------------------
   > Total cost:                   0 ETH


2_remove_require.js
===================
   -------------------------------------
   > Total cost:                   0 ETH


3_compound.js
=============
   -------------------------------------
   > Total cost:                   0 ETH


4_aave.js
=========
   -------------------------------------
   > Total cost:                   0 ETH


5_wrapper_shortcut.js
=====================
   -------------------------------------
   > Total cost:                   0 ETH


6_fulcrum.js
============
   -------------------------------------
   > Total cost:                   0 ETH


7_fulcrum_v2.js
===============
   -------------------------------------
   > Total cost:                   0 ETH


8_replace_compound.js
=====================
   -------------------------------------
   > Total cost:                   0 ETH


9_aave_legacy.js
================
   -------------------------------------
   > Total cost:                   0 ETH


10_add_usdt_connector.js
========================
   -------------------------------------
   > Total cost:                   0 ETH


11_multiwrapper.js
==================
   -------------------------------------
   > Total cost:                   0 ETH


12_bsc.js
=========
   -------------------------------------
   > Total cost:                   0 ETH


13_srteetswap_bsc.js
====================
   -------------------------------------
   > Total cost:                   0 ETH


14_bsc_jul_bakery_1inch.js
==========================
   -------------------------------------
   > Total cost:                   0 ETH


15_equalizer.js
===============
   -------------------------------------
   > Total cost:                   0 ETH


16_cream.js
===========
Deployer account: 0x11799622F4D98A24514011E8527B969f7488eF47
Deployer balance: 5.433615936432143 ETH

   Deploying 'CompoundLikeWrapper'
   -------------------------------
   > transaction hash:    0xca1416346dde49197b6361919419ce38cdeb99804d9893261716d1a5eb97ca90
   > Blocks: 5            Seconds: 28
   > contract address:    0x5500F441D1Dd4298d49279F3F78d17a6a255dc39
   > block number:        11953444
   > block timestamp:     1614616835
   > account:             0x11799622F4D98A24514011E8527B969f7488eF47
   > balance:             5.286123736432142908
   > gas used:            737461 (0xb40b5)
   > gas price:           200 gwei
   > value sent:          0 ETH
   > total cost:          0.1474922 ETH


Summary
=======
> Total deployments:   1
> Final cost:          0.1474922 ETH
